<?xml version="1.0" encoding="UTF-8"?>
<testng-results ignored="0" total="1" passed="1" failed="0" skipped="0">
  <reporter-output>
  </reporter-output>
  <suite started-at="2022-03-30T09:34:43 IST" name="Default suite" finished-at="2022-03-30T09:34:43 IST" duration-ms="132">
    <groups>
    </groups>
    <test started-at="2022-03-30T09:34:43 IST" name="Default test" finished-at="2022-03-30T09:34:43 IST" duration-ms="132">
      <class name="Prac.program">
        <test-method signature="array()[pri:0, instance:Prac.program@61d6015a]" started-at="2022-03-30T09:34:43 IST" name="array" finished-at="2022-03-30T09:34:43 IST" duration-ms="23" status="PASS">
          <reporter-output>
          </reporter-output>
        </test-method> <!-- array -->
      </class> <!-- Prac.program -->
    </test> <!-- Default test -->
  </suite> <!-- Default suite -->
</testng-results>
